<?xml version="1.0" encoding="UTF-8"?>
<!-- Generated by org.testng.reporters.JUnitReportReporter -->
<testsuite hostname="DESKTOP-6Q11NLM" failures="0" tests="1" name="myfirstPackage.testngclass" time="0.022" errors="0" timestamp="2022-09-27T15:38:37 IST" skipped="0">
  <testcase classname="myfirstPackage.testngclass" name="test" time="0.022"/>
  <system-out/>
</testsuite> <!-- myfirstPackage.testngclass -->
